<?xml version="1.0" encoding="UTF-8"?>
<testsuite xmlns:xsi="http://www.w3.org/2001/XMLSchema-instance" xsi:noNamespaceSchemaLocation="https://maven.apache.org/surefire/maven-surefire-plugin/xsd/surefire-test-report-3.0.xsd" version="3.0" name="com.edu.interpreter.opcodes.OpcodeTests" time="0.076" tests="45" errors="0" skipped="0" failures="0">
  <properties>
[...]
</properties>
  <testcase name="testOP_IF_false" classname="com.edu.interpreter.opcodes.OpcodeTests" time="0.021"/>
  <testcase name="testOP_GREATERTHAN_false" classname="com.edu.interpreter.opcodes.OpcodeTests" time="0.002"/>
  <testcase name="testNestedConditionalsWithElse" classname="com.edu.interpreter.opcodes.OpcodeTests" time="0.001"/>
  <testcase name="testOP_LESSTHANOREQUAL_true" classname="com.edu.interpreter.opcodes.OpcodeTests" time="0.0"/>
  <testcase name="testOP_ADD_negative" classname="com.edu.interpreter.opcodes.OpcodeTests" time="0.0"/>
  <testcase name="testOP_LESSTHAN_true" classname="com.edu.interpreter.opcodes.OpcodeTests" time="0.0"/>
  <testcase name="testOP_GREATERTHAN_true" classname="com.edu.interpreter.opcodes.OpcodeTests" time="0.0"/>
  <testcase name="testOP_EQUAL_true" classname="com.edu.interpreter.opcodes.OpcodeTests" time="0.0"/>
  <testcase name="testOP_0" classname="com.edu.interpreter.opcodes.OpcodeTests" time="0.0"/>
  <testcase name="testOP_BOOLAND_false" classname="com.edu.interpreter.opcodes.OpcodeTests" time="0.001"/>
  <testcase name="testOP_VERIFY_success" classname="com.edu.interpreter.opcodes.OpcodeTests" time="0.001"/>
  <testcase name="testOP_CHECKSIGVERIFY_success" classname="com.edu.interpreter.opcodes.OpcodeTests" time="0.0"/>
  <testcase name="testOP_1_to_OP_16" classname="com.edu.interpreter.opcodes.OpcodeTests" time="0.001"/>
  <testcase name="testOP_HASH160" classname="com.edu.interpreter.opcodes.OpcodeTests" time="0.0"/>
  <testcase name="testOP_HASH256" classname="com.edu.interpreter.opcodes.OpcodeTests" time="0.001"/>
  <testcase name="testNestedConditionals" classname="com.edu.interpreter.opcodes.OpcodeTests" time="0.001"/>
  <testcase name="testOP_BOOLOR_false" classname="com.edu.interpreter.opcodes.OpcodeTests" time="0.0"/>
  <testcase name="testOP_VERIFY_failure" classname="com.edu.interpreter.opcodes.OpcodeTests" time="0.001"/>
  <testcase name="testOP_CHECKSIG_invalid" classname="com.edu.interpreter.opcodes.OpcodeTests" time="0.001"/>
  <testcase name="testOP_RETURN" classname="com.edu.interpreter.opcodes.OpcodeTests" time="0.001"/>
  <testcase name="testOP_SHA256" classname="com.edu.interpreter.opcodes.OpcodeTests" time="0.0"/>
  <testcase name="testOP_CHECKSIG_valid" classname="com.edu.interpreter.opcodes.OpcodeTests" time="0.0"/>
  <testcase name="testOP_CHECKSIGVERIFY_failure" classname="com.edu.interpreter.opcodes.OpcodeTests" time="0.001"/>
  <testcase name="testOP_EQUALVERIFY_success" classname="com.edu.interpreter.opcodes.OpcodeTests" time="0.001"/>
  <testcase name="testOP_NOTIF_false" classname="com.edu.interpreter.opcodes.OpcodeTests" time="0.001"/>
  <testcase name="testOP_IF_true" classname="com.edu.interpreter.opcodes.OpcodeTests" time="0.0"/>
  <testcase name="testOP_GREATERTHANOREQUAL_equal" classname="com.edu.interpreter.opcodes.OpcodeTests" time="0.0"/>
  <testcase name="testOP_BOOLOR_true" classname="com.edu.interpreter.opcodes.OpcodeTests" time="0.001"/>
  <testcase name="testOP_NOT_one" classname="com.edu.interpreter.opcodes.OpcodeTests" time="0.001"/>
  <testcase name="testOP_EQUALVERIFY_failure" classname="com.edu.interpreter.opcodes.OpcodeTests" time="0.0"/>
  <testcase name="testOP_BOOLAND_true" classname="com.edu.interpreter.opcodes.OpcodeTests" time="0.0"/>
  <testcase name="testOP_NOT_zero" classname="com.edu.interpreter.opcodes.OpcodeTests" time="0.001"/>
  <testcase name="testOP_NOTIF_true" classname="com.edu.interpreter.opcodes.OpcodeTests" time="0.001"/>
  <testcase name="testOP_ADD" classname="com.edu.interpreter.opcodes.OpcodeTests" time="0.0"/>
  <testcase name="testOP_DUP" classname="com.edu.interpreter.opcodes.OpcodeTests" time="0.001"/>
  <testcase name="testOP_SUB" classname="com.edu.interpreter.opcodes.OpcodeTests" time="0.0"/>
  <testcase name="testOP_ELSE_without_IF" classname="com.edu.interpreter.opcodes.OpcodeTests" time="0.0"/>
  <testcase name="testOP_ENDIF_without_IF" classname="com.edu.interpreter.opcodes.OpcodeTests" time="0.0"/>
  <testcase name="testOP_ENDIF" classname="com.edu.interpreter.opcodes.OpcodeTests" time="0.001"/>
  <testcase name="testOP_LESSTHAN_false" classname="com.edu.interpreter.opcodes.OpcodeTests" time="0.001"/>
  <testcase name="testOP_DROP" classname="com.edu.interpreter.opcodes.OpcodeTests" time="0.0"/>
  <testcase name="testOP_ELSE" classname="com.edu.interpreter.opcodes.OpcodeTests" time="0.0"/>
  <testcase name="testOP_OVER" classname="com.edu.interpreter.opcodes.OpcodeTests" time="0.0"/>
  <testcase name="testOP_SWAP" classname="com.edu.interpreter.opcodes.OpcodeTests" time="0.0"/>
  <testcase name="testOP_EQUAL_false" classname="com.edu.interpreter.opcodes.OpcodeTests" time="0.001"/>
</testsuite>